core/datastore-proto/build/outputs/logs/manifest-merger-demo-debug-report.txt
-- Merging decision tree log ---
manifest
ADDED from demo\debug\tempAndroidManifest4565039401916098721.xml:2:13-83
INJECTED from demo\debug\tempAndroidManifest4565039401916098721.xml:2:13-83
	package
		INJECTED from demo\debug\tempAndroidManifest4565039401916098721.xml
	xmlns:android
		ADDED from demo\debug\tempAndroidManifest4565039401916098721.xml:2:23-81
uses-sdk
INJECTED from demo\debug\tempAndroidManifest4565039401916098721.xml reason: use-sdk injection requested
INJECTED from demo\debug\tempAndroidManifest4565039401916098721.xml
INJECTED from demo\debug\tempAndroidManifest4565039401916098721.xml
	android:targetSdkVersion
		INJECTED from demo\debug\tempAndroidManifest4565039401916098721.xml
	android:minSdkVersion
		INJECTED from demo\debug\tempAndroidManifest4565039401916098721.xml